0 info it worked if it ends with ok
1 verbose cli [ '/usr/local/Cellar/node/0.10.21/bin/node',
1 verbose cli   '/usr/local/bin/npm',
1 verbose cli   'publish' ]
2 info using npm@1.3.11
3 info using node@v0.10.21
4 verbose publish [ '.' ]
5 verbose cache add [ '.', null ]
6 verbose cache add name=undefined spec="." args=[".",null]
7 verbose parsed url { protocol: null,
7 verbose parsed url   slashes: null,
7 verbose parsed url   auth: null,
7 verbose parsed url   host: null,
7 verbose parsed url   port: null,
7 verbose parsed url   hostname: null,
7 verbose parsed url   hash: null,
7 verbose parsed url   search: null,
7 verbose parsed url   query: null,
7 verbose parsed url   pathname: '.',
7 verbose parsed url   path: '.',
7 verbose parsed url   href: '.' }
8 silly lockFile 3a52ce78- .
9 verbose lock . /Users/claudioc/.npm/3a52ce78-.lock
10 verbose tar pack [ '/var/folders/t1/z7yfx_ys3s9cwy9xsc4l0bjr0000gn/T/npm-15827-6dRMClnx/1418579905222-0.1817506889346987/tmp.tgz',
10 verbose tar pack   '.' ]
11 verbose tarball /var/folders/t1/z7yfx_ys3s9cwy9xsc4l0bjr0000gn/T/npm-15827-6dRMClnx/1418579905222-0.1817506889346987/tmp.tgz
12 verbose folder .
13 silly lockFile 1f1177db-tar tar://.
14 verbose lock tar://. /Users/claudioc/.npm/1f1177db-tar.lock
15 silly lockFile 98e51a06-05222-0-1817506889346987-tmp-tgz tar:///var/folders/t1/z7yfx_ys3s9cwy9xsc4l0bjr0000gn/T/npm-15827-6dRMClnx/1418579905222-0.1817506889346987/tmp.tgz
16 verbose lock tar:///var/folders/t1/z7yfx_ys3s9cwy9xsc4l0bjr0000gn/T/npm-15827-6dRMClnx/1418579905222-0.1817506889346987/tmp.tgz /Users/claudioc/.npm/98e51a06-05222-0-1817506889346987-tmp-tgz.lock
17 silly lockFile 1f1177db-tar tar://.
18 silly lockFile 1f1177db-tar tar://.
19 silly lockFile 98e51a06-05222-0-1817506889346987-tmp-tgz tar:///var/folders/t1/z7yfx_ys3s9cwy9xsc4l0bjr0000gn/T/npm-15827-6dRMClnx/1418579905222-0.1817506889346987/tmp.tgz
20 silly lockFile 98e51a06-05222-0-1817506889346987-tmp-tgz tar:///var/folders/t1/z7yfx_ys3s9cwy9xsc4l0bjr0000gn/T/npm-15827-6dRMClnx/1418579905222-0.1817506889346987/tmp.tgz
21 verbose tar unpack /var/folders/t1/z7yfx_ys3s9cwy9xsc4l0bjr0000gn/T/npm-15827-6dRMClnx/1418579905222-0.1817506889346987/tmp.tgz
22 silly lockFile 120eef65-05222-0-1817506889346987-package tar:///var/folders/t1/z7yfx_ys3s9cwy9xsc4l0bjr0000gn/T/npm-15827-6dRMClnx/1418579905222-0.1817506889346987/package
23 verbose lock tar:///var/folders/t1/z7yfx_ys3s9cwy9xsc4l0bjr0000gn/T/npm-15827-6dRMClnx/1418579905222-0.1817506889346987/package /Users/claudioc/.npm/120eef65-05222-0-1817506889346987-package.lock
24 silly lockFile 98e51a06-05222-0-1817506889346987-tmp-tgz tar:///var/folders/t1/z7yfx_ys3s9cwy9xsc4l0bjr0000gn/T/npm-15827-6dRMClnx/1418579905222-0.1817506889346987/tmp.tgz
25 verbose lock tar:///var/folders/t1/z7yfx_ys3s9cwy9xsc4l0bjr0000gn/T/npm-15827-6dRMClnx/1418579905222-0.1817506889346987/tmp.tgz /Users/claudioc/.npm/98e51a06-05222-0-1817506889346987-tmp-tgz.lock
26 silly gunzTarPerm modes [ '755', '644' ]
27 silly gunzTarPerm extractEntry package.json
28 silly gunzTarPerm extractEntry .npmignore
29 silly gunzTarPerm extractEntry index.js
30 silly lockFile 120eef65-05222-0-1817506889346987-package tar:///var/folders/t1/z7yfx_ys3s9cwy9xsc4l0bjr0000gn/T/npm-15827-6dRMClnx/1418579905222-0.1817506889346987/package
31 silly lockFile 120eef65-05222-0-1817506889346987-package tar:///var/folders/t1/z7yfx_ys3s9cwy9xsc4l0bjr0000gn/T/npm-15827-6dRMClnx/1418579905222-0.1817506889346987/package
32 silly lockFile 98e51a06-05222-0-1817506889346987-tmp-tgz tar:///var/folders/t1/z7yfx_ys3s9cwy9xsc4l0bjr0000gn/T/npm-15827-6dRMClnx/1418579905222-0.1817506889346987/tmp.tgz
33 silly lockFile 98e51a06-05222-0-1817506889346987-tmp-tgz tar:///var/folders/t1/z7yfx_ys3s9cwy9xsc4l0bjr0000gn/T/npm-15827-6dRMClnx/1418579905222-0.1817506889346987/tmp.tgz
34 verbose tar pack [ '/Users/claudioc/.npm/Bot/0.0.0/package.tgz',
34 verbose tar pack   '/var/folders/t1/z7yfx_ys3s9cwy9xsc4l0bjr0000gn/T/npm-15827-6dRMClnx/1418579905222-0.1817506889346987/package' ]
35 verbose tarball /Users/claudioc/.npm/Bot/0.0.0/package.tgz
36 verbose folder /var/folders/t1/z7yfx_ys3s9cwy9xsc4l0bjr0000gn/T/npm-15827-6dRMClnx/1418579905222-0.1817506889346987/package
37 silly lockFile 120eef65-05222-0-1817506889346987-package tar:///var/folders/t1/z7yfx_ys3s9cwy9xsc4l0bjr0000gn/T/npm-15827-6dRMClnx/1418579905222-0.1817506889346987/package
38 verbose lock tar:///var/folders/t1/z7yfx_ys3s9cwy9xsc4l0bjr0000gn/T/npm-15827-6dRMClnx/1418579905222-0.1817506889346987/package /Users/claudioc/.npm/120eef65-05222-0-1817506889346987-package.lock
39 silly lockFile 5df90eb4-audioc-npm-Bot-0-0-0-package-tgz tar:///Users/claudioc/.npm/Bot/0.0.0/package.tgz
40 verbose lock tar:///Users/claudioc/.npm/Bot/0.0.0/package.tgz /Users/claudioc/.npm/5df90eb4-audioc-npm-Bot-0-0-0-package-tgz.lock
41 silly lockFile 120eef65-05222-0-1817506889346987-package tar:///var/folders/t1/z7yfx_ys3s9cwy9xsc4l0bjr0000gn/T/npm-15827-6dRMClnx/1418579905222-0.1817506889346987/package
42 silly lockFile 120eef65-05222-0-1817506889346987-package tar:///var/folders/t1/z7yfx_ys3s9cwy9xsc4l0bjr0000gn/T/npm-15827-6dRMClnx/1418579905222-0.1817506889346987/package
43 silly lockFile 5df90eb4-audioc-npm-Bot-0-0-0-package-tgz tar:///Users/claudioc/.npm/Bot/0.0.0/package.tgz
44 silly lockFile 5df90eb4-audioc-npm-Bot-0-0-0-package-tgz tar:///Users/claudioc/.npm/Bot/0.0.0/package.tgz
45 silly lockFile f2fd180a-s-claudioc-npm-Bot-0-0-0-package /Users/claudioc/.npm/Bot/0.0.0/package
46 verbose lock /Users/claudioc/.npm/Bot/0.0.0/package /Users/claudioc/.npm/f2fd180a-s-claudioc-npm-Bot-0-0-0-package.lock
47 silly lockFile f2fd180a-s-claudioc-npm-Bot-0-0-0-package /Users/claudioc/.npm/Bot/0.0.0/package
48 silly lockFile f2fd180a-s-claudioc-npm-Bot-0-0-0-package /Users/claudioc/.npm/Bot/0.0.0/package
49 verbose tar unpack /Users/claudioc/.npm/Bot/0.0.0/package.tgz
50 silly lockFile 23ebd4fe-s-claudioc-npm-Bot-0-0-0-package tar:///Users/claudioc/.npm/Bot/0.0.0/package
51 verbose lock tar:///Users/claudioc/.npm/Bot/0.0.0/package /Users/claudioc/.npm/23ebd4fe-s-claudioc-npm-Bot-0-0-0-package.lock
52 silly lockFile 5df90eb4-audioc-npm-Bot-0-0-0-package-tgz tar:///Users/claudioc/.npm/Bot/0.0.0/package.tgz
53 verbose lock tar:///Users/claudioc/.npm/Bot/0.0.0/package.tgz /Users/claudioc/.npm/5df90eb4-audioc-npm-Bot-0-0-0-package-tgz.lock
54 silly gunzTarPerm modes [ '755', '644' ]
55 silly gunzTarPerm extractEntry package.json
56 silly gunzTarPerm extractEntry .npmignore
57 silly gunzTarPerm extractEntry index.js
58 silly lockFile 23ebd4fe-s-claudioc-npm-Bot-0-0-0-package tar:///Users/claudioc/.npm/Bot/0.0.0/package
59 silly lockFile 23ebd4fe-s-claudioc-npm-Bot-0-0-0-package tar:///Users/claudioc/.npm/Bot/0.0.0/package
60 silly lockFile 5df90eb4-audioc-npm-Bot-0-0-0-package-tgz tar:///Users/claudioc/.npm/Bot/0.0.0/package.tgz
61 silly lockFile 5df90eb4-audioc-npm-Bot-0-0-0-package-tgz tar:///Users/claudioc/.npm/Bot/0.0.0/package.tgz
62 verbose chmod /Users/claudioc/.npm/Bot/0.0.0/package.tgz 644
63 verbose chown /Users/claudioc/.npm/Bot/0.0.0/package.tgz [ 501, 20 ]
64 silly lockFile 3a52ce78- .
65 silly lockFile 3a52ce78- .
66 silly publish { name: 'Bot',
66 silly publish   version: '0.0.0',
66 silly publish   description: '',
66 silly publish   main: 'index.js',
66 silly publish   scripts: { test: 'echo "Error: no test specified" && exit 1' },
66 silly publish   author: '',
66 silly publish   license: 'BSD-2-Clause',
66 silly publish   dependencies: { request: '~2.49.0', cheerio: '~0.18.0', bluebird: '~2.3.11' },
66 silly publish   readme: 'ERROR: No README data found!',
66 silly publish   _id: 'Bot@0.0.0',
66 silly publish   dist: { shasum: 'b5aad25450c05254ef5e5966d8f6fcb33982a9ce' },
66 silly publish   _from: '.' }
67 verbose url raw Bot
68 verbose url resolving [ 'https://registry.npmjs.org/', './Bot' ]
69 verbose url resolved https://registry.npmjs.org/Bot
70 info trying registry request attempt 1 at 18:58:25
71 http PUT https://registry.npmjs.org/Bot
72 http 403 https://registry.npmjs.org/Bot
73 info trying registry request attempt 1 at 18:58:26
74 http PUT https://registry.npmjs.org/Bot
75 http 403 https://registry.npmjs.org/Bot
76 error publish Failed PUT response 403
77 error Error: forbidden New packages must have all-lowercase names: Bot
77 error     at RegClient.<anonymous> (/usr/local/Cellar/node/0.10.21/lib/node_modules/npm/node_modules/npm-registry-client/lib/request.js:272:14)
77 error     at Request.self.callback (/usr/local/Cellar/node/0.10.21/lib/node_modules/npm/node_modules/request/request.js:129:22)
77 error     at Request.EventEmitter.emit (events.js:98:17)
77 error     at Request.<anonymous> (/usr/local/Cellar/node/0.10.21/lib/node_modules/npm/node_modules/request/request.js:873:14)
77 error     at Request.EventEmitter.emit (events.js:117:20)
77 error     at IncomingMessage.<anonymous> (/usr/local/Cellar/node/0.10.21/lib/node_modules/npm/node_modules/request/request.js:824:12)
77 error     at IncomingMessage.EventEmitter.emit (events.js:117:20)
77 error     at _stream_readable.js:920:16
77 error     at process._tickCallback (node.js:415:13)
78 error If you need help, you may report this log at:
78 error     <http://github.com/isaacs/npm/issues>
78 error or email it to:
78 error     <npm-@googlegroups.com>
79 error System Darwin 13.3.0
80 error command "/usr/local/Cellar/node/0.10.21/bin/node" "/usr/local/bin/npm" "publish"
81 error cwd /Users/claudioc/Sites/appdate-bot
82 error node -v v0.10.21
83 error npm -v 1.3.11
84 verbose exit [ 1, true ]
